<?xml version="1.0" encoding="UTF-8"?>
<!-- Generated by org.testng.reporters.JUnitReportReporter -->
<testsuite hostname="AMW40-PC" failures="0" tests="2" name="packagedatadriven.DataDriven" time="36.187" errors="0" timestamp="19 Nov 2018 12:48:48 GMT" skipped="0">
  <testcase classname="packagedatadriven.DataDriven" name="login" time="17.821"/>
  <testcase classname="packagedatadriven.DataDriven" name="login" time="18.366"/>
</testsuite> <!-- packagedatadriven.DataDriven -->
